# JRE version: OpenJDK Runtime Environment (21.0.10) (build 21.0.10+-14961533-b1163.108)
# Java VM: OpenJDK 64-Bit Server VM (21.0.10+-14961533-b1163.108, mixed mode, tiered, compressed oops, compressed class ptrs, parallel gc, windows-amd64)
GC Precious Log:
 CardTable entry size: 512
 CPUs: 16 total, 16 available
 Memory: 7918M
 Large Page Support: Disabled
 NUMA Support: Disabled
 Compressed Oops: Enabled (Zero based)
 Alignments: Space 512K, Generation 512K, Heap 2M
 Heap Min Capacity: 8M
 Heap Initial Capacity: 124M
 Heap Max Capacity: 4G
 Pre-touch: Disabled
 Parallel Workers: 13
Heap:
 PSYoungGen      total 885248K, used 133223K [0x00000007aab00000, 0x00000007e1b80000, 0x0000000800000000)
  eden space 868864K, 14% used [0x00000007aab00000,0x00000007b28f51f8,0x00000007dfb80000)
  from space 16384K, 25% used [0x00000007dfb80000,0x00000007dffa4a68,0x00000007e0b80000)
  to   space 15872K, 0% used [0x00000007e0c00000,0x00000007e0c00000,0x00000007e1b80000)
 ParOldGen       total 103424K, used 103311K [0x0000000700000000, 0x0000000706500000, 0x00000007aab00000)
  object space 103424K, 99% used [0x0000000700000000,0x00000007064e3c90,0x0000000706500000)
 Metaspace       used 85062K, committed 87040K, reserved 1179648K
  class space    used 11764K, committed 12800K, reserved 1048576K
GC Heap History (20 events):
Event: 18.359 GC heap before
{Heap before GC invocations=17 (full 3):
 PSYoungGen      total 261120K, used 247104K [0x00000007aab00000, 0x00000007c4a80000, 0x0000000800000000)
  eden space 242176K, 100% used [0x00000007aab00000,0x00000007b9780000,0x00000007b9780000)
  from space 18944K, 26% used [0x00000007b9780000,0x00000007b9c50000,0x00000007baa00000)
  to   space 18944K, 0% used [0x00000007c3800000,0x00000007c3800000,0x00000007c4a80000)
 ParOldGen       total 84992K, used 70650K [0x0000000700000000, 0x0000000705300000, 0x00000007aab00000)
  object space 84992K, 83% used [0x0000000700000000,0x00000007044febf8,0x0000000705300000)
 Metaspace       used 77321K, committed 79296K, reserved 1179648K
  class space    used 10681K, committed 11648K, reserved 1048576K
}
Event: 18.366 GC heap after
{Heap after GC invocations=17 (full 3):
 PSYoungGen      total 405504K, used 4192K [0x00000007aab00000, 0x00000007c4980000, 0x0000000800000000)
  eden space 387584K, 0% used [0x00000007aab00000,0x00000007aab00000,0x00000007c2580000)
  from space 17920K, 23% used [0x00000007c3800000,0x00000007c3c18000,0x00000007c4980000)
  to   space 18432K, 0% used [0x00000007c2580000,0x00000007c2580000,0x00000007c3780000)
 ParOldGen       total 84992K, used 73459K [0x0000000700000000, 0x0000000705300000, 0x00000007aab00000)
  object space 84992K, 86% used [0x0000000700000000,0x00000007047bcc38,0x0000000705300000)
 Metaspace       used 77321K, committed 79296K, reserved 1179648K
  class space    used 10681K, committed 11648K, reserved 1048576K
}
Event: 19.077 GC heap before
{Heap before GC invocations=18 (full 3):
 PSYoungGen      total 405504K, used 391776K [0x00000007aab00000, 0x00000007c4980000, 0x0000000800000000)
  eden space 387584K, 100% used [0x00000007aab00000,0x00000007c2580000,0x00000007c2580000)
  from space 17920K, 23% used [0x00000007c3800000,0x00000007c3c18000,0x00000007c4980000)
  to   space 18432K, 0% used [0x00000007c2580000,0x00000007c2580000,0x00000007c3780000)
 ParOldGen       total 84992K, used 73459K [0x0000000700000000, 0x0000000705300000, 0x00000007aab00000)
  object space 84992K, 86% used [0x0000000700000000,0x00000007047bcc38,0x0000000705300000)
 Metaspace       used 77326K, committed 79296K, reserved 1179648K
  class space    used 10681K, committed 11648K, reserved 1048576K
}
Event: 19.087 GC heap after
{Heap after GC invocations=18 (full 3):
 PSYoungGen      total 406016K, used 4480K [0x00000007aab00000, 0x00000007d2d00000, 0x0000000800000000)
  eden space 387584K, 0% used [0x00000007aab00000,0x00000007aab00000,0x00000007c2580000)
  from space 18432K, 24% used [0x00000007c2580000,0x00000007c29e0000,0x00000007c3780000)
  to   space 18432K, 0% used [0x00000007d1b00000,0x00000007d1b00000,0x00000007d2d00000)
 ParOldGen       total 84992K, used 75451K [0x0000000700000000, 0x0000000705300000, 0x00000007aab00000)
  object space 84992K, 88% used [0x0000000700000000,0x00000007049aec98,0x0000000705300000)
 Metaspace       used 77326K, committed 79296K, reserved 1179648K
  class space    used 10681K, committed 11648K, reserved 1048576K
}
Event: 19.760 GC heap before
{Heap before GC invocations=19 (full 3):
 PSYoungGen      total 406016K, used 392064K [0x00000007aab00000, 0x00000007d2d00000, 0x0000000800000000)
  eden space 387584K, 100% used [0x00000007aab00000,0x00000007c2580000,0x00000007c2580000)
  from space 18432K, 24% used [0x00000007c2580000,0x00000007c29e0000,0x00000007c3780000)
  to   space 18432K, 0% used [0x00000007d1b00000,0x00000007d1b00000,0x00000007d2d00000)
 ParOldGen       total 84992K, used 75451K [0x0000000700000000, 0x0000000705300000, 0x00000007aab00000)
  object space 84992K, 88% used [0x0000000700000000,0x00000007049aec98,0x0000000705300000)
 Metaspace       used 77547K, committed 79424K, reserved 1179648K
  class space    used 10709K, committed 11648K, reserved 1048576K
}
Event: 19.769 GC heap after
{Heap after GC invocations=19 (full 3):
 PSYoungGen      total 637952K, used 5312K [0x00000007aab00000, 0x00000007d2c00000, 0x0000000800000000)
  eden space 620544K, 0% used [0x00000007aab00000,0x00000007aab00000,0x00000007d0900000)
  from space 17408K, 30% used [0x00000007d1b00000,0x00000007d2030040,0x00000007d2c00000)
  to   space 17920K, 0% used [0x00000007d0900000,0x00000007d0900000,0x00000007d1a80000)
 ParOldGen       total 84992K, used 77771K [0x0000000700000000, 0x0000000705300000, 0x00000007aab00000)
  object space 84992K, 91% used [0x0000000700000000,0x0000000704bf2c98,0x0000000705300000)
 Metaspace       used 77547K, committed 79424K, reserved 1179648K
  class space    used 10709K, committed 11648K, reserved 1048576K
}
Event: 21.852 GC heap before
{Heap before GC invocations=20 (full 3):
 PSYoungGen      total 637952K, used 625856K [0x00000007aab00000, 0x00000007d2c00000, 0x0000000800000000)
  eden space 620544K, 100% used [0x00000007aab00000,0x00000007d0900000,0x00000007d0900000)
  from space 17408K, 30% used [0x00000007d1b00000,0x00000007d2030040,0x00000007d2c00000)
  to   space 17920K, 0% used [0x00000007d0900000,0x00000007d0900000,0x00000007d1a80000)
 ParOldGen       total 84992K, used 77771K [0x0000000700000000, 0x0000000705300000, 0x00000007aab00000)
  object space 84992K, 91% used [0x0000000700000000,0x0000000704bf2c98,0x0000000705300000)
 Metaspace       used 78210K, committed 80128K, reserved 1179648K
  class space    used 10812K, committed 11776K, reserved 1048576K
}
Event: 21.863 GC heap after
{Heap after GC invocations=20 (full 3):
 PSYoungGen      total 638464K, used 6418K [0x00000007aab00000, 0x00000007e1c80000, 0x0000000800000000)
  eden space 620544K, 0% used [0x00000007aab00000,0x00000007aab00000,0x00000007d0900000)
  from space 17920K, 35% used [0x00000007d0900000,0x00000007d0f448e0,0x00000007d1a80000)
  to   space 16896K, 0% used [0x00000007e0c00000,0x00000007e0c00000,0x00000007e1c80000)
 ParOldGen       total 84992K, used 80963K [0x0000000700000000, 0x0000000705300000, 0x00000007aab00000)
  object space 84992K, 95% used [0x0000000700000000,0x0000000704f10cd8,0x0000000705300000)
 Metaspace       used 78210K, committed 80128K, reserved 1179648K
  class space    used 10812K, committed 11776K, reserved 1048576K
}
Event: 22.771 GC heap before
{Heap before GC invocations=21 (full 3):
 PSYoungGen      total 638464K, used 626962K [0x00000007aab00000, 0x00000007e1c80000, 0x0000000800000000)
  eden space 620544K, 100% used [0x00000007aab00000,0x00000007d0900000,0x00000007d0900000)
  from space 17920K, 35% used [0x00000007d0900000,0x00000007d0f448e0,0x00000007d1a80000)
  to   space 16896K, 0% used [0x00000007e0c00000,0x00000007e0c00000,0x00000007e1c80000)
 ParOldGen       total 84992K, used 80963K [0x0000000700000000, 0x0000000705300000, 0x00000007aab00000)
  object space 84992K, 95% used [0x0000000700000000,0x0000000704f10cd8,0x0000000705300000)
 Metaspace       used 79714K, committed 81728K, reserved 1179648K
  class space    used 11028K, committed 12032K, reserved 1048576K
}
Event: 22.779 GC heap after
{Heap after GC invocations=21 (full 3):
 PSYoungGen      total 884736K, used 5006K [0x00000007aab00000, 0x00000007e1b80000, 0x0000000800000000)
  eden space 868864K, 0% used [0x00000007aab00000,0x00000007aab00000,0x00000007dfb80000)
  from space 15872K, 31% used [0x00000007e0c00000,0x00000007e10e3b30,0x00000007e1b80000)
  to   space 16384K, 0% used [0x00000007dfb80000,0x00000007dfb80000,0x00000007e0b80000)
 ParOldGen       total 85504K, used 85217K [0x0000000700000000, 0x0000000705380000, 0x00000007aab00000)
  object space 85504K, 99% used [0x0000000700000000,0x0000000705338628,0x0000000705380000)
 Metaspace       used 79714K, committed 81728K, reserved 1179648K
  class space    used 11028K, committed 12032K, reserved 1048576K
}
Event: 23.431 GC heap before
{Heap before GC invocations=22 (full 3):
 PSYoungGen      total 884736K, used 873870K [0x00000007aab00000, 0x00000007e1b80000, 0x0000000800000000)
  eden space 868864K, 100% used [0x00000007aab00000,0x00000007dfb80000,0x00000007dfb80000)
  from space 15872K, 31% used [0x00000007e0c00000,0x00000007e10e3b30,0x00000007e1b80000)
  to   space 16384K, 0% used [0x00000007dfb80000,0x00000007dfb80000,0x00000007e0b80000)
 ParOldGen       total 85504K, used 85217K [0x0000000700000000, 0x0000000705380000, 0x00000007aab00000)
  object space 85504K, 99% used [0x0000000700000000,0x0000000705338628,0x0000000705380000)
 Metaspace       used 84165K, committed 86208K, reserved 1179648K
  class space    used 11647K, committed 12672K, reserved 1048576K
}
Event: 26.465 GC heap after
{Heap after GC invocations=22 (full 3):
 PSYoungGen      total 885248K, used 6611K [0x00000007aab00000, 0x00000007e1b80000, 0x0000000800000000)
  eden space 868864K, 0% used [0x00000007aab00000,0x00000007aab00000,0x00000007dfb80000)
  from space 16384K, 40% used [0x00000007dfb80000,0x00000007e01f4ef0,0x00000007e0b80000)
  to   space 15872K, 0% used [0x00000007e0c00000,0x00000007e0c00000,0x00000007e1b80000)
 ParOldGen       total 88064K, used 88047K [0x0000000700000000, 0x0000000705600000, 0x00000007aab00000)
  object space 88064K, 99% used [0x0000000700000000,0x00000007055fbf30,0x0000000705600000)
 Metaspace       used 84165K, committed 86208K, reserved 1179648K
  class space    used 11647K, committed 12672K, reserved 1048576K
}
Event: 28.275 GC heap before
{Heap before GC invocations=23 (full 3):
 PSYoungGen      total 885248K, used 875475K [0x00000007aab00000, 0x00000007e1b80000, 0x0000000800000000)
  eden space 868864K, 100% used [0x00000007aab00000,0x00000007dfb80000,0x00000007dfb80000)
  from space 16384K, 40% used [0x00000007dfb80000,0x00000007e01f4ef0,0x00000007e0b80000)
  to   space 15872K, 0% used [0x00000007e0c00000,0x00000007e0c00000,0x00000007e1b80000)
 ParOldGen       total 88064K, used 88047K [0x0000000700000000, 0x0000000705600000, 0x00000007aab00000)
  object space 88064K, 99% used [0x0000000700000000,0x00000007055fbf30,0x0000000705600000)
 Metaspace       used 84602K, committed 86656K, reserved 1179648K
  class space    used 11693K, committed 12736K, reserved 1048576K
}
Event: 30.295 GC heap after
{Heap after GC invocations=23 (full 3):
 PSYoungGen      total 884736K, used 7040K [0x00000007aab00000, 0x00000007e1b80000, 0x0000000800000000)
  eden space 868864K, 0% used [0x00000007aab00000,0x00000007aab00000,0x00000007dfb80000)
  from space 15872K, 44% used [0x00000007e0c00000,0x00000007e12e0000,0x00000007e1b80000)
  to   space 16384K, 0% used [0x00000007dfb80000,0x00000007dfb80000,0x00000007e0b80000)
 ParOldGen       total 92672K, used 92366K [0x0000000700000000, 0x0000000705a80000, 0x00000007aab00000)
  object space 92672K, 99% used [0x0000000700000000,0x0000000705a33960,0x0000000705a80000)
 Metaspace       used 84602K, committed 86656K, reserved 1179648K
  class space    used 11693K, committed 12736K, reserved 1048576K
}
Event: 31.398 GC heap before
{Heap before GC invocations=24 (full 3):
 PSYoungGen      total 884736K, used 875904K [0x00000007aab00000, 0x00000007e1b80000, 0x0000000800000000)
  eden space 868864K, 100% used [0x00000007aab00000,0x00000007dfb80000,0x00000007dfb80000)
  from space 15872K, 44% used [0x00000007e0c00000,0x00000007e12e0000,0x00000007e1b80000)
  to   space 16384K, 0% used [0x00000007dfb80000,0x00000007dfb80000,0x00000007e0b80000)
 ParOldGen       total 92672K, used 92366K [0x0000000700000000, 0x0000000705a80000, 0x00000007aab00000)
  object space 92672K, 99% used [0x0000000700000000,0x0000000705a33960,0x0000000705a80000)
 Metaspace       used 84962K, committed 86912K, reserved 1179648K
  class space    used 11752K, committed 12736K, reserved 1048576K
}
Event: 33.421 GC heap after
{Heap after GC invocations=24 (full 3):
 PSYoungGen      total 885248K, used 6272K [0x00000007aab00000, 0x00000007e1b80000, 0x0000000800000000)
  eden space 868864K, 0% used [0x00000007aab00000,0x00000007aab00000,0x00000007dfb80000)
  from space 16384K, 38% used [0x00000007dfb80000,0x00000007e01a0040,0x00000007e0b80000)
  to   space 15872K, 0% used [0x00000007e0c00000,0x00000007e0c00000,0x00000007e1b80000)
 ParOldGen       total 97280K, used 97178K [0x0000000700000000, 0x0000000705f00000, 0x00000007aab00000)
  object space 97280K, 99% used [0x0000000700000000,0x0000000705ee69a0,0x0000000705f00000)
 Metaspace       used 84962K, committed 86912K, reserved 1179648K
  class space    used 11752K, committed 12736K, reserved 1048576K
}
Event: 33.700 GC heap before
{Heap before GC invocations=25 (full 3):
 PSYoungGen      total 885248K, used 875136K [0x00000007aab00000, 0x00000007e1b80000, 0x0000000800000000)
  eden space 868864K, 100% used [0x00000007aab00000,0x00000007dfb80000,0x00000007dfb80000)
  from space 16384K, 38% used [0x00000007dfb80000,0x00000007e01a0040,0x00000007e0b80000)
  to   space 15872K, 0% used [0x00000007e0c00000,0x00000007e0c00000,0x00000007e1b80000)
 ParOldGen       total 97280K, used 97178K [0x0000000700000000, 0x0000000705f00000, 0x00000007aab00000)
  object space 97280K, 99% used [0x0000000700000000,0x0000000705ee69a0,0x0000000705f00000)
 Metaspace       used 84965K, committed 86912K, reserved 1179648K
  class space    used 11752K, committed 12736K, reserved 1048576K
}
Event: 36.719 GC heap after
{Heap after GC invocations=25 (full 3):
 PSYoungGen      total 884736K, used 4305K [0x00000007aab00000, 0x00000007e1b80000, 0x0000000800000000)
  eden space 868864K, 0% used [0x00000007aab00000,0x00000007aab00000,0x00000007dfb80000)
  from space 15872K, 27% used [0x00000007e0c00000,0x00000007e10344d0,0x00000007e1b80000)
  to   space 16384K, 0% used [0x00000007dfb80000,0x00000007dfb80000,0x00000007e0b80000)
 ParOldGen       total 101376K, used 101175K [0x0000000700000000, 0x0000000706300000, 0x00000007aab00000)
  object space 101376K, 99% used [0x0000000700000000,0x00000007062cdc90,0x0000000706300000)
 Metaspace       used 84965K, committed 86912K, reserved 1179648K
  class space    used 11752K, committed 12736K, reserved 1048576K
}
Event: 36.987 GC heap before
{Heap before GC invocations=26 (full 3):
 PSYoungGen      total 884736K, used 873169K [0x00000007aab00000, 0x00000007e1b80000, 0x0000000800000000)
  eden space 868864K, 100% used [0x00000007aab00000,0x00000007dfb80000,0x00000007dfb80000)
  from space 15872K, 27% used [0x00000007e0c00000,0x00000007e10344d0,0x00000007e1b80000)
  to   space 16384K, 0% used [0x00000007dfb80000,0x00000007dfb80000,0x00000007e0b80000)
 ParOldGen       total 101376K, used 101175K [0x0000000700000000, 0x0000000706300000, 0x00000007aab00000)
  object space 101376K, 99% used [0x0000000700000000,0x00000007062cdc90,0x0000000706300000)
 Metaspace       used 84965K, committed 86912K, reserved 1179648K
  class space    used 11752K, committed 12736K, reserved 1048576K
}
Event: 39.015 GC heap after
{Heap after GC invocations=26 (full 3):
 PSYoungGen      total 885248K, used 4242K [0x00000007aab00000, 0x00000007e1b80000, 0x0000000800000000)
  eden space 868864K, 0% used [0x00000007aab00000,0x00000007aab00000,0x00000007dfb80000)
  from space 16384K, 25% used [0x00000007dfb80000,0x00000007dffa4a68,0x00000007e0b80000)
  to   space 15872K, 0% used [0x00000007e0c00000,0x00000007e0c00000,0x00000007e1b80000)
 ParOldGen       total 103424K, used 103311K [0x0000000700000000, 0x0000000706500000, 0x00000007aab00000)
  object space 103424K, 99% used [0x0000000700000000,0x00000007064e3c90,0x0000000706500000)
 Metaspace       used 84965K, committed 86912K, reserved 1179648K
  class space    used 11752K, committed 12736K, reserved 1048576K
}

